\BOOKMARK [0][-]{chapter.1}{\376\377\213\276\213\241\166\356\150\007}{}% 1
\BOOKMARK [1][-]{section.1.1}{\376\377\217\223\121\372\143\007\150\007}{chapter.1}% 2
\BOOKMARK [1][-]{section.1.2}{\376\377\170\154\116\366\147\266\147\204}{chapter.1}% 3
\BOOKMARK [0][-]{chapter.2}{\376\377\213\276\213\241\123\237\164\006}{}% 4
\BOOKMARK [1][-]{section.2.1}{\376\377\145\160\143\156\152\041\127\213}{chapter.2}% 5
\BOOKMARK [2][-]{subsection.2.1.1}{\376\377\116\011\176\364\145\160\143\156\152\041\127\213}{section.2.1}% 6
\BOOKMARK [2][-]{subsection.2.1.2}{\376\377\145\160\143\156\152\041\127\213\164\006\211\343}{section.2.1}% 7
\BOOKMARK [1][-]{section.2.2}{\376\377\143\007\150\007\173\227\154\325}{chapter.2}% 8
\BOOKMARK [2][-]{subsection.2.2.1}{\376\377\123\315\134\004\163\207\137\072\136\246}{section.2.2}% 9
\BOOKMARK [2][-]{subsection.2.2.2}{\376\377\137\204\124\021\220\037\136\246}{section.2.2}% 10
\BOOKMARK [2][-]{subsection.2.2.3}{\376\377\220\037\136\246\214\061\133\275}{section.2.2}% 11
\BOOKMARK [0][-]{chapter.3}{\376\377\213\276\213\241\133\236\163\260}{}% 12
\BOOKMARK [1][-]{section.3.1}{\376\377\147\015\122\241\126\150\172\357}{chapter.3}% 13
\BOOKMARK [2][-]{subsection.3.1.1}{\376\377\122\237\200\375\213\276\213\241}{section.3.1}% 14
\BOOKMARK [2][-]{subsection.3.1.2}{\376\377\143\245\123\343\213\276\213\241}{section.3.1}% 15
\BOOKMARK [1][-]{section.3.2}{\376\377\213\276\131\007\172\357}{chapter.3}% 16
\BOOKMARK [2][-]{subsection.3.2.1}{\376\377\122\237\200\375\213\276\213\241}{section.3.2}% 17
\BOOKMARK [2][-]{subsection.3.2.2}{\376\377\143\245\123\343\213\276\213\241}{section.3.2}% 18
\BOOKMARK [1][-]{section.3.3}{\376\377\133\242\142\067\172\357}{chapter.3}% 19
\BOOKMARK [2][-]{subsection.3.3.1}{\376\377\122\237\200\375\213\276\213\241}{section.3.3}% 20
\BOOKMARK [2][-]{subsection.3.3.2}{\376\377\143\245\123\343\213\276\213\241}{section.3.3}% 21
\BOOKMARK [0][-]{chapter.4}{\376\377\213\346\176\306\213\276\213\241}{}% 22
\BOOKMARK [0][-]{chapter.5}{\376\377\140\073\176\323}{}% 23
\BOOKMARK [0][-]{chapter.5}{\376\377\123\302\200\003\145\207\163\056}{}% 24
